\BOOKMARK [0][-]{chapter*.4}{\376\377\000L\000i\000s\000t\000e\000\040\000d\000e\000s\000\040\000a\000b\000r\000\351\000v\000i\000a\000t\000i\000o\000n\000s}{}% 1
\BOOKMARK [0][-]{chapter*.5}{\376\377\000I\000n\000t\000r\000o\000d\000u\000c\000t\000i\000o\000n\000\040\000g\000\351\000n\000\351\000r\000a\000l\000e}{}% 2
\BOOKMARK [0][-]{chapter.6}{\376\377\000S\000o\000f\000t\000w\000a\000r\000e\000\040\000D\000e\000f\000i\000n\000e\000d\000\040\000N\000e\000t\000w\000o\000r\000k\000i\000n\000g}{}% 3
\BOOKMARK [1][-]{section.7}{\376\377\000L\000i\000m\000i\000t\000e\000s\000\040\000d\000e\000s\000\040\000r\000\351\000s\000e\000a\000u\000x\000\040\000t\000r\000a\000d\000i\000t\000i\000o\000n\000n\000e\000l\000l\000e\000s}{chapter.6}% 4
\BOOKMARK [1][-]{section.8}{\376\377\000U\000n\000e\000\040\000a\000p\000p\000r\000o\000c\000h\000e\000\040\000r\000\351\000s\000e\000a\000u\000\040\000m\000o\000d\000e\000r\000n\000e}{chapter.6}% 5
\BOOKMARK [1][-]{section.9}{\376\377\000D\000\351\000f\000i\000n\000i\000t\000i\000o\000n}{chapter.6}% 6
\BOOKMARK [1][-]{section.10}{\376\377\000A\000r\000c\000h\000i\000t\000e\000c\000t\000u\000r\000e\000\040\000S\000D\000N}{chapter.6}% 7
\BOOKMARK [2][-]{subsection.13}{\376\377\000P\000l\000a\000n\000\040\000d\000e\000\040\000D\000o\000n\000n\000\351\000e\000s}{section.10}% 8
\BOOKMARK [2][-]{subsection.14}{\376\377\000P\000l\000a\000n\000\040\000d\000e\000\040\000C\000o\000n\000t\000r\000\364\000l\000e}{section.10}% 9
\BOOKMARK [2][-]{subsection.15}{\376\377\000P\000l\000a\000n\000\040\000d\000'\000A\000p\000p\000l\000i\000c\000a\000t\000i\000o\000n\000s}{section.10}% 10
\BOOKMARK [1][-]{section.16}{\376\377\000C\000a\000r\000a\000c\000t\000\351\000r\000i\000s\000t\000i\000q\000u\000e\000s\000\040\000d\000e\000s\000\040\000S\000D\000N}{chapter.6}% 11
\BOOKMARK [1][-]{section.17}{\376\377\000O\000p\000e\000n\000F\000l\000o\000w\000\040\000e\000t\000\040\000S\000D\000N}{chapter.6}% 12
\BOOKMARK [2][-]{subsection.18}{\376\377\000T\000a\000b\000l\000e\000\040\000d\000e\000\040\000F\000l\000u\000x}{section.17}% 13
\BOOKMARK [1][-]{section.21}{\376\377\000C\000o\000n\000t\000r\000\364\000l\000e\000u\000r\000\040\000S\000D\000N}{chapter.6}% 14
\BOOKMARK [1][-]{section.22}{\376\377\000A\000v\000a\000n\000t\000a\000g\000e\000s\000\040\000e\000t\000\040\000i\000n\000c\000o\000n\000v\000\351\000n\000i\000e\000n\000t\000s\000\040\000d\000e\000s\000\040\000S\000D\000N}{chapter.6}% 15
\BOOKMARK [2][-]{subsection.23}{\376\377\000A\000v\000a\000n\000t\000a\000g\000e\000s}{section.22}% 16
\BOOKMARK [2][-]{subsection.24}{\376\377\000I\000n\000c\000o\000n\000v\000\351\000n\000i\000e\000n\000t\000s}{section.22}% 17
\BOOKMARK [1][-]{section.25}{\376\377\000C\000o\000n\000c\000l\000u\000s\000i\000o\000n}{chapter.6}% 18
\BOOKMARK [0][-]{chapter.26}{\376\377\000S\000\351\000c\000u\000r\000i\000t\000\351\000\040\000d\000e\000s\000\040\000r\000\351\000s\000e\000a\000u\000x}{}% 19
\BOOKMARK [1][-]{section.27}{\376\377\000S\000\351\000c\000u\000r\000i\000t\000\351\000\040\000d\000a\000n\000s\000\040\000u\000n\000\040\000r\000\351\000s\000e\000a\000u\000\040\000I\000n\000f\000o\000r\000m\000a\000t\000i\000q\000u\000e}{chapter.26}% 20
\BOOKMARK [2][-]{subsection.28}{\376\377\000G\000\351\000n\000\351\000r\000a\000l\000i\000t\000\351\000s}{section.27}% 21
\BOOKMARK [2][-]{subsection.29}{\376\377\000L\000e\000s\000\040\000m\000e\000n\000a\000c\000e\000s\000\040\000d\040\031\000u\000n\000\040\000r\000\351\000s\000e\000a\000u\000\040\000i\000n\000f\000o\000r\000m\000a\000t\000i\000q\000u\000e}{section.27}% 22
\BOOKMARK [2][-]{subsection.30}{\376\377\000L\000e\000s\000\040\000m\000\351\000c\000a\000n\000i\000s\000m\000e\000s\000\040\000d\000e\000\040\000s\000\351\000c\000u\000r\000i\000t\000\351}{section.27}% 23
\BOOKMARK [1][-]{section.31}{\376\377\000L\000a\000\040\000s\000\351\000c\000u\000r\000i\000t\000\351\000\040\000d\000a\000n\000s\000\040\000l\000e\000s\000\040\000r\000\351\000s\000e\000a\000u\000x\000\040\000S\000D\000N}{chapter.26}% 24
\BOOKMARK [2][-]{subsection.33}{\376\377\000L\000e\000s\000\040\000f\000a\000i\000l\000l\000e\000s\000\040\000d\000e\000\040\000s\000\351\000c\000u\000r\000i\000t\000\351\000\040\000d\000e\000s\000\040\000r\000\351\000s\000e\000a\000u\000x\000\040\000S\000D\000N}{section.31}% 25
\BOOKMARK [2][-]{subsection.34}{\376\377\000A\000t\000t\000a\000q\000u\000e\000s\000\040\000c\000i\000b\000l\000\351\000e\000s\000\040\000s\000u\000r\000\040\000l\000e\000s\000\040\000c\000o\000u\000c\000h\000e\000s\000\040\000S\000D\000N}{section.31}% 26
\BOOKMARK [1][-]{section.38}{\376\377\000L\000e\000s\000\040\000a\000t\000t\000a\000q\000u\000e\000s\000\040\000D\000o\000S}{chapter.26}% 27
\BOOKMARK [2][-]{subsection.39}{\376\377\000D\000\351\000f\000i\000n\000i\000t\000i\000o\000n}{section.38}% 28
\BOOKMARK [2][-]{subsection.40}{\376\377\000F\000o\000n\000c\000t\000i\000o\000n\000n\000e\000m\000e\000n\000t}{section.38}% 29
\BOOKMARK [2][-]{subsection.41}{\376\377\000C\000l\000a\000s\000s\000i\000f\000i\000c\000a\000t\000i\000o\000n\000\040\000d\000'\000u\000n\000e\000\040\000a\000t\000t\000a\000q\000u\000e\000\040\000D\000o\000S}{section.38}% 30
\BOOKMARK [2][-]{subsection.44}{\376\377\000I\000m\000p\000a\000c\000t\000s\000\040\000d\000e\000s\000\040\000a\000t\000t\000a\000q\000u\000e\000s\000\040\000D\000o\000S\000\040\000s\000u\000r\000\040\000u\000n\000\040\000r\000\351\000s\000e\000a\000u\000\040\000S\000D\000N}{section.38}% 31
\BOOKMARK [3][-]{section*.45}{\376\377\000I\000m\000p\000a\000c\000t\000\040\000s\000u\000r\000\040\000l\000e\000\040\000p\000l\000a\000n\000\040\000d\000e\000\040\000c\000o\000n\000t\000r\000\364\000l\000e}{subsection.44}% 32
\BOOKMARK [3][-]{section*.46}{\376\377\000I\000m\000p\000a\000c\000t\000\040\000s\000u\000r\000\040\000l\000e\000\040\000p\000l\000a\000n\000\040\000d\000e\000\040\000d\000o\000n\000n\000\351\000e\000s}{subsection.44}% 33
\BOOKMARK [3][-]{section*.47}{\376\377\000I\000m\000p\000a\000c\000t\000\040\000s\000u\000r\000\040\000l\000a\000\040\000l\000i\000a\000i\000s\000o\000n\000\040\000c\000o\000n\000t\000r\000\364\000l\000e\000u\000r\000-\000c\000o\000m\000m\000u\000t\000a\000t\000e\000u\000r}{subsection.44}% 34
\BOOKMARK [1][-]{section.48}{\376\377\000S\000y\000s\000t\000\350\000m\000e\000\040\000d\000e\000\040\000D\000\351\000t\000e\000c\000t\000i\000o\000n\000\040\000d\040\031\000I\000n\000t\000r\000u\000s\000i\000o\000n\000s\000\040\000\050\000I\000D\000S\000\051}{chapter.26}% 35
\BOOKMARK [2][-]{subsection.49}{\376\377\000D\000\351\000f\000i\000n\000i\000t\000i\000o\000n}{section.48}% 36
\BOOKMARK [2][-]{subsection.51}{\376\377\000L\000e\000s\000\040\000a\000p\000p\000r\000o\000c\000h\000e\000s}{section.48}% 37
\BOOKMARK [2][-]{subsection.52}{\376\377\000L\000e\000s\000\040\000m\000\351\000t\000h\000o\000d\000e\000s\000\040\000d\000e\000\040\000d\000\351\000t\000e\000c\000t\000i\000o\000n\000\040\000d\040\031\000i\000n\000t\000r\000u\000s\000i\000o\000n}{section.48}% 38
\BOOKMARK [2][-]{subsection.53}{\376\377\000L\000e\000s\000\040\000m\000\351\000t\000h\000o\000d\000e\000s\000\040\000d\000e\000\040\000c\000o\000l\000l\000e\000c\000t\000i\000o\000n\000\040\000d\000'\000i\000n\000f\000o\000r\000m\000a\000t\000i\000o\000n\000s\000\040\000s\000u\000r\000\040\000l\000e\000s\000\040\000f\000l\000u\000x}{section.48}% 39
\BOOKMARK [2][-]{subsection.56}{\376\377\000\311\000v\000a\000l\000u\000a\000t\000i\000o\000n\000\040\000d\000e\000s\000\040\000p\000e\000r\000f\000o\000r\000m\000a\000n\000c\000e\000s\000\040\000d\000'\000u\000n\000\040\000N\000I\000D\000S}{section.48}% 40
\BOOKMARK [1][-]{section.58}{\376\377\000T\000r\000a\000v\000a\000u\000x\000\040\000e\000x\000i\000s\000t\000a\000n\000t\000s}{chapter.26}% 41
\BOOKMARK [2][-]{subsection.59}{\376\377\000F\000l\000o\000w\000\040\000b\000a\000s\000e\000d\000\040\000I\000n\000t\000r\000u\000s\000i\000o\000n\000\040\000D\000e\000t\000e\000c\000t\000i\000o\000n\000\040\000S\000y\000s\000t\000e\000m\000\040\000[\0008\000]\000:}{section.58}% 42
\BOOKMARK [2][-]{subsection.63}{\376\377\000M\000a\000c\000h\000i\000n\000e\000\040\000b\000a\000s\000e\000d\000\040\000I\000n\000t\000r\000u\000s\000i\000o\000n\000\040\000D\000e\000t\000e\000c\000t\000i\000o\000n\000\040\000S\000y\000s\000t\000e\000m\000\040\000[\0001\0000\000]\000:}{section.58}% 43
\BOOKMARK [2][-]{subsection.65}{\376\377\000C\000o\000m\000p\000a\000r\000a\000i\000s\000o\000n\000\040\000e\000n\000t\000r\000e\000\040\000c\000e\000s\000\040\000d\000e\000u\000x\000\040\000I\000D\000S}{section.58}% 44
\BOOKMARK [1][-]{section.66}{\376\377\000C\000o\000n\000c\000l\000u\000s\000i\000o\000n}{chapter.26}% 45
\BOOKMARK [0][-]{chapter.67}{\376\377\000D\000a\000t\000a\000\040\000M\000i\000n\000i\000n\000g}{}% 46
\BOOKMARK [1][-]{section.68}{\376\377\000D\000a\000t\000a\000\040\000M\000i\000n\000i\000g}{chapter.67}% 47
\BOOKMARK [2][-]{subsection.69}{\376\377\000D\000\351\000f\000i\000n\000i\000t\000i\000o\000n}{section.68}% 48
\BOOKMARK [2][-]{subsection.70}{\376\377\000\310\000t\000a\000p\000e\000s\000\040\000d\000u\000\040\000p\000r\000o\000c\000e\000s\000s\000u\000s\000\040\000K\000D\000D}{section.68}% 49
\BOOKMARK [2][-]{subsection.71}{\376\377\000D\000a\000t\000a\000s\000e\000t}{section.68}% 50
\BOOKMARK [1][-]{section.73}{\376\377\000A\000p\000p\000r\000e\000n\000t\000i\000s\000s\000a\000g\000e\000\040\000a\000u\000t\000o\000m\000a\000t\000i\000q\000u\000e}{chapter.67}% 51
\BOOKMARK [2][-]{subsection.74}{\376\377\000A\000p\000p\000r\000e\000n\000t\000i\000s\000s\000a\000g\000e\000\040\000s\000u\000p\000e\000r\000v\000i\000s\000\351}{section.73}% 52
\BOOKMARK [2][-]{subsection.75}{\376\377\000A\000p\000p\000r\000e\000n\000t\000i\000s\000s\000a\000g\000e\000\040\000n\000o\000n\000\040\000s\000u\000p\000e\000r\000v\000i\000s\000\351}{section.73}% 53
\BOOKMARK [2][-]{subsection.80}{\376\377\000C\000o\000n\000c\000l\000u\000s\000i\000o\000n}{section.73}% 54
\BOOKMARK [0][-]{chapter.81}{\376\377\000S\000o\000l\000u\000t\000i\000o\000n}{}% 55
\BOOKMARK [1][-]{section.82}{\376\377\000P\000r\000o\000b\000l\000\351\000m\000a\000t\000i\000q\000u\000e}{chapter.81}% 56
\BOOKMARK [1][-]{section.83}{\376\377\000H\000y\000p\000o\000t\000h\000\350\000s\000e\000s}{chapter.81}% 57
\BOOKMARK [1][-]{section.84}{\376\377\000A\000r\000c\000h\000i\000t\000e\000c\000t\000u\000r\000e\000\040\000g\000\351\000n\000\351\000r\000a\000l\000e}{chapter.81}% 58
\BOOKMARK [0][-]{chapter.85}{\376\377\000I\000m\000p\000l\000\351\000m\000e\000n\000t\000a\000t\000i\000o\000n\000,\000\040\000s\000i\000m\000u\000l\000a\000t\000i\000o\000n\000\040\000e\000t\000\040\000r\000\351\000s\000u\000l\000t\000a\000t\000s}{}% 59
\BOOKMARK [1][-]{section.86}{\376\377\000E\000n\000v\000i\000r\000o\000n\000n\000e\000m\000e\000n\000t\000\040\000d\000e\000\040\000t\000r\000a\000v\000a\000i\000l}{chapter.85}% 60
\BOOKMARK [2][-]{subsection.87}{\376\377\000C\000o\000n\000t\000r\000\364\000l\000e\000u\000r\000\040\000S\000D\000N}{section.86}% 61
\BOOKMARK [2][-]{subsection.88}{\376\377\000S\000i\000m\000u\000l\000a\000t\000i\000o\000n\000\040\000d\000u\000\040\000r\000\351\000s\000e\000a\000u\000\040\000S\000D\000N}{section.86}% 62
\BOOKMARK [3][-]{section*.89}{\376\377\000M\000i\000n\000i\000n\000e\000t}{subsection.88}% 63
\BOOKMARK [3][-]{section*.90}{\376\377\000S\000i\000m\000u\000l\000a\000t\000i\000o\000n\000\040\000d\000'\000u\000n\000\040\000s\000i\000m\000p\000l\000e\000\040\000r\000\351\000s\000e\000a\000u\000\040\000S\000D\000N}{subsection.88}% 64
\BOOKMARK [1][-]{section.91}{\376\377\000L\000a\000n\000g\000a\000g\000e\000\040\000e\000t\000\040\000L\000i\000b\000r\000a\000i\000r\000i\000e\000s\000\040\000u\000t\000i\000l\000i\000s\000\351\000e\000s}{chapter.85}% 65
\BOOKMARK [2][-]{subsection.92}{\376\377\000P\000y\000t\000h\000o\000n}{section.91}% 66
\BOOKMARK [2][-]{subsection.93}{\376\377\000S\000c\000i\000k\000i\000t\000-\000l\000e\000a\000r\000n}{section.91}% 67
\BOOKMARK [2][-]{subsection.94}{\376\377\000P\000a\000n\000d\000a\000s}{section.91}% 68
\BOOKMARK [2][-]{subsection.95}{\376\377\000A\000r\000g\000u\000s}{section.91}% 69
\BOOKMARK [1][-]{section.96}{\376\377\000C\000o\000n\000t\000r\000u\000c\000t\000i\000o\000n\000\040\000d\000u\000\040\000m\000o\000d\000\350\000l\000e\000\040\000d\000e\000\040\000C\000l\000u\000s\000t\000e\000r\000i\000n\000g}{chapter.85}% 70
